{"/Users/ayeshaarshad/to-do-list.github.io/src/addTask.js": {"path":"/Users/ayeshaarshad/to-do-list.github.io/src/addTask.js","statementMap":{"0":{"start":{"line":4,"column":17},"end":{"line":4,"column":45}},"1":{"start":{"line":5,"column":21},"end":{"line":5,"column":52}},"2":{"start":{"line":6,"column":26},"end":{"line":6,"column":55}},"3":{"start":{"line":7,"column":4},"end":{"line":7,"column":31}},"4":{"start":{"line":8,"column":4},"end":{"line":8,"column":20}},"5":{"start":{"line":9,"column":4},"end":{"line":12,"column":5}},"6":{"start":{"line":10,"column":6},"end":{"line":10,"column":35}},"7":{"start":{"line":11,"column":6},"end":{"line":11,"column":30}},"8":{"start":{"line":13,"column":4},"end":{"line":13,"column":27}},"9":{"start":{"line":14,"column":4},"end":{"line":14,"column":39}},"10":{"start":{"line":15,"column":4},"end":{"line":15,"column":24}},"11":{"start":{"line":16,"column":4},"end":{"line":16,"column":33}},"12":{"start":{"line":17,"column":4},"end":{"line":17,"column":31}},"13":{"start":{"line":28,"column":26},"end":{"line":28,"column":57}},"14":{"start":{"line":29,"column":4},"end":{"line":29,"column":32}},"15":{"start":{"line":30,"column":4},"end":{"line":30,"column":31}},"16":{"start":{"line":31,"column":4},"end":{"line":31,"column":38}},"17":{"start":{"line":32,"column":4},"end":{"line":32,"column":34}},"18":{"start":{"line":34,"column":4},"end":{"line":34,"column":30}},"19":{"start":{"line":35,"column":4},"end":{"line":35,"column":31}},"20":{"start":{"line":36,"column":4},"end":{"line":36,"column":36}},"21":{"start":{"line":37,"column":4},"end":{"line":37,"column":36}},"22":{"start":{"line":38,"column":4},"end":{"line":40,"column":7}},"23":{"start":{"line":39,"column":6},"end":{"line":39,"column":68}},"24":{"start":{"line":41,"column":4},"end":{"line":41,"column":16}},"25":{"start":{"line":45,"column":2},"end":{"line":45,"column":25}}},"fnMap":{"0":{"name":"addTask","decl":{"start":{"line":3,"column":9},"end":{"line":3,"column":16}},"loc":{"start":{"line":3,"column":44},"end":{"line":42,"column":3}},"line":3},"1":{"name":"(anonymous_1)","decl":{"start":{"line":38,"column":35},"end":{"line":38,"column":36}},"loc":{"start":{"line":38,"column":46},"end":{"line":40,"column":5}},"line":38}},"branchMap":{"0":{"loc":{"start":{"line":9,"column":4},"end":{"line":12,"column":5}},"type":"if","locations":[{"start":{"line":9,"column":4},"end":{"line":12,"column":5}},{"start":{},"end":{}}],"line":9}},"s":{"0":1,"1":0,"2":0,"3":0,"4":0,"5":0,"6":0,"7":0,"8":0,"9":0,"10":0,"11":0,"12":0,"13":0,"14":0,"15":0,"16":0,"17":0,"18":0,"19":0,"20":0,"21":0,"22":0,"23":0,"24":0,"25":1},"f":{"0":1,"1":0},"b":{"0":[0,0]},"_coverageSchema":"1a1c01bbd47fc00a2c39e90264f33305004495a9","hash":"a0b4e0c654adf75eba3f7212f08fd4982ed31606"}
}
